Using pre-set license
Built from '2022.3/staging' branch; Version is '2022.3.16f1 (d2c21f0ef2f1) revision 13812255'; Using compiler version '192829333'; Build Type 'Release'
OS: 'Windows 10  (10.0.19045) 64bit Professional' Language: 'tr' Physical Memory: 7971 MB
BatchMode: 1, IsHumanControllingUs: 0, StartBugReporterOnCrash: 0, Is64bit: 1, IsPro: 1

COMMAND LINE ARGUMENTS:
D:\Program Files\2022.3.16f1\Editor\Unity.exe
-adb2
-batchMode
-noUpm
-name
AssetImportWorker0
-projectPath
C:/Users/ahmet/Downloads/Compressed/Kodland Practice
-logFile
Logs/AssetImportWorker0.log
-srvPort
60876
Successfully changed project path to: C:/Users/ahmet/Downloads/Compressed/Kodland Practice
C:/Users/ahmet/Downloads/Compressed/Kodland Practice
[UnityMemory] Configuration Parameters - Can be set up in boot.config
    "memorysetup-bucket-allocator-granularity=16"
    "memorysetup-bucket-allocator-bucket-count=8"
    "memorysetup-bucket-allocator-block-size=33554432"
    "memorysetup-bucket-allocator-block-count=8"
    "memorysetup-main-allocator-block-size=16777216"
    "memorysetup-thread-allocator-block-size=16777216"
    "memorysetup-gfx-main-allocator-block-size=16777216"
    "memorysetup-gfx-thread-allocator-block-size=16777216"
    "memorysetup-cache-allocator-block-size=4194304"
    "memorysetup-typetree-allocator-block-size=2097152"
    "memorysetup-profiler-bucket-allocator-granularity=16"
    "memorysetup-profiler-bucket-allocator-bucket-count=8"
    "memorysetup-profiler-bucket-allocator-block-size=33554432"
    "memorysetup-profiler-bucket-allocator-block-count=8"
    "memorysetup-profiler-allocator-block-size=16777216"
    "memorysetup-profiler-editor-allocator-block-size=1048576"
    "memorysetup-temp-allocator-size-main=16777216"
    "memorysetup-job-temp-allocator-block-size=2097152"
    "memorysetup-job-temp-allocator-block-size-background=1048576"
    "memorysetup-job-temp-allocator-reduction-small-platforms=262144"
    "memorysetup-allocator-temp-initial-block-size-main=262144"
    "memorysetup-allocator-temp-initial-block-size-worker=262144"
    "memorysetup-temp-allocator-size-background-worker=32768"
    "memorysetup-temp-allocator-size-job-worker=262144"
    "memorysetup-temp-allocator-size-preload-manager=33554432"
    "memorysetup-temp-allocator-size-nav-mesh-worker=65536"
    "memorysetup-temp-allocator-size-audio-worker=65536"
    "memorysetup-temp-allocator-size-cloud-worker=32768"
    "memorysetup-temp-allocator-size-gi-baking-worker=262144"
    "memorysetup-temp-allocator-size-gfx=262144"
Player connection [12868] Host "[IP] 192.168.56.1 [Port] 0 [Flags] 2 [Guid] 1971197115 [EditorId] 1971197115 [Version] 1048832 [Id] WindowsEditor(7,DESKTOP-JOE2VCU) [Debug] 1 [PackageName] WindowsEditor [ProjectName] Editor" joined multi-casting on [225.0.0.222:54997]...

Player connection [12868] Host "[IP] 192.168.56.1 [Port] 0 [Flags] 2 [Guid] 1971197115 [EditorId] 1971197115 [Version] 1048832 [Id] WindowsEditor(7,DESKTOP-JOE2VCU) [Debug] 1 [PackageName] WindowsEditor [ProjectName] Editor" joined alternative multi-casting on [225.0.0.222:34997]...

[Physics::Module] Initialized MultithreadedJobDispatcher with 11 workers.
Refreshing native plugins compatible for Editor in 0.00 ms, found 0 plugins.
Preloading 0 native plugins for Editor in 0.00 ms.
Initialize engine version: 2022.3.16f1 (d2c21f0ef2f1)
[Subsystems] Discovering subsystems at path D:/Program Files/2022.3.16f1/Editor/Data/Resources/UnitySubsystems
[Subsystems] Discovering subsystems at path C:/Users/ahmet/Downloads/Compressed/Kodland Practice/Assets
GfxDevice: creating device client; threaded=0; jobified=0
Direct3D:
    Version:  Direct3D 11.0 [level 11.1]
    Renderer: NVIDIA GeForce GTX 1650 (ID=0x1f9d)
    Vendor:   NVIDIA
    VRAM:     3950 MB
    Driver:   31.0.15.4629
Initialize mono
Mono path[0] = 'D:/Program Files/2022.3.16f1/Editor/Data/Managed'
Mono path[1] = 'D:/Program Files/2022.3.16f1/Editor/Data/MonoBleedingEdge/lib/mono/unityjit-win32'
Mono config path = 'D:/Program Files/2022.3.16f1/Editor/Data/MonoBleedingEdge/etc'
Using monoOptions --debugger-agent=transport=dt_socket,embedding=1,server=y,suspend=n,address=127.0.0.1:56272
Begin MonoManager ReloadAssembly
Registering precompiled unity dll's ...
Register platform support module: D:/Program Files/2022.3.16f1/Editor/Data/PlaybackEngines/WindowsStandaloneSupport/UnityEditor.WindowsStandalone.Extensions.dll
Registered in 0.003276 seconds.
- Loaded All Assemblies, in  0.732 seconds
Native extension for WindowsStandalone target not found
Mono: successfully reloaded assembly
- Finished resetting the current domain, in  0.235 seconds
Domain Reload Profiling: 968ms
	BeginReloadAssembly (129ms)
		ExecutionOrderSort (0ms)
		DisableScriptedObjects (0ms)
		BackupInstance (0ms)
		ReleaseScriptingObjects (0ms)
		CreateAndSetChildDomain (1ms)
	RebuildCommonClasses (32ms)
	RebuildNativeTypeToScriptingClass (9ms)
	initialDomainReloadingComplete (49ms)
	LoadAllAssembliesAndSetupDomain (513ms)
		LoadAssemblies (128ms)
		RebuildTransferFunctionScriptingTraits (0ms)
		AnalyzeDomain (511ms)
			TypeCache.Refresh (510ms)
				TypeCache.ScanAssembly (435ms)
			ScanForSourceGeneratedMonoScriptInfo (0ms)
			ResolveRequiredComponents (0ms)
	FinalizeReload (236ms)
		ReleaseScriptCaches (0ms)
		RebuildScriptCaches (0ms)
		SetupLoadedEditorAssemblies (183ms)
			LogAssemblyErrors (0ms)
			InitializePlatformSupportModulesInManaged (7ms)
			SetLoadedEditorAssemblies (7ms)
			RefreshPlugins (0ms)
			BeforeProcessingInitializeOnLoad (2ms)
			ProcessInitializeOnLoadAttributes (129ms)
			ProcessInitializeOnLoadMethodAttributes (37ms)
			AfterProcessingInitializeOnLoad (0ms)
			EditorAssembliesLoaded (0ms)
		ExecutionOrderSort2 (0ms)
		AwakeInstancesAfterBackupRestoration (0ms)
========================================================================
Worker process is ready to serve import requests
Begin MonoManager ReloadAssembly
- Loaded All Assemblies, in  0.227 seconds
Refreshing native plugins compatible for Editor in 0.00 ms, found 0 plugins.
Native extension for WindowsStandalone target not found
Mono: successfully reloaded assembly
- Finished resetting the current domain, in  0.297 seconds
Domain Reload Profiling: 524ms
	BeginReloadAssembly (138ms)
		ExecutionOrderSort (0ms)
		DisableScriptedObjects (4ms)
		BackupInstance (0ms)
		ReleaseScriptingObjects (0ms)
		CreateAndSetChildDomain (20ms)
	RebuildCommonClasses (30ms)
	RebuildNativeTypeToScriptingClass (10ms)
	initialDomainReloadingComplete (17ms)
	LoadAllAssembliesAndSetupDomain (32ms)
		LoadAssemblies (92ms)
		RebuildTransferFunctionScriptingTraits (0ms)
		AnalyzeDomain (27ms)
			TypeCache.Refresh (24ms)
				TypeCache.ScanAssembly (19ms)
			ScanForSourceGeneratedMonoScriptInfo (1ms)
			ResolveRequiredComponents (1ms)
	FinalizeReload (298ms)
		ReleaseScriptCaches (0ms)
		RebuildScriptCaches (0ms)
		SetupLoadedEditorAssemblies (184ms)
			LogAssemblyErrors (0ms)
			InitializePlatformSupportModulesInManaged (5ms)
			SetLoadedEditorAssemblies (6ms)
			RefreshPlugins (0ms)
			BeforeProcessingInitializeOnLoad (33ms)
			ProcessInitializeOnLoadAttributes (120ms)
			ProcessInitializeOnLoadMethodAttributes (17ms)
			AfterProcessingInitializeOnLoad (3ms)
			EditorAssembliesLoaded (0ms)
		ExecutionOrderSort2 (0ms)
		AwakeInstancesAfterBackupRestoration (6ms)
Launched and connected shader compiler UnityShaderCompiler.exe after 0.18 seconds
Refreshing native plugins compatible for Editor in 0.00 ms, found 0 plugins.
Preloading 0 native plugins for Editor in 0.00 ms.
Unloading 226 Unused Serialized files (Serialized files now loaded: 0)
Unloading 3 unused Assets / (49.2 KB). Loaded Objects now: 713.
Memory consumption went from 67.3 MB to 67.3 MB.
Total: 2.348900 ms (FindLiveObjects: 0.072400 ms CreateObjectMapping: 0.009100 ms MarkObjects: 2.199000 ms  DeleteObjects: 0.067700 ms)

AssetImportParameters requested are different than current active one (requested -> active):
  custom:video-encoder-webm-vp8: eb34c28f22e8b96e1ab97ce403110664 -> 
  custom:audio-encoder-webm-vorbis: bf7c407c2cedff20999df2af8eb42d56 -> 
  custom:video-decoder-webm-vp8: 9c59270c3fd7afecdb556c50c9e8de78 -> 
  custom:container-demuxer-webm: 4f35f7cbe854078d1ac9338744f61a02 -> 
  custom:SearchIndexIgnoredProperties: e643bd26f0fe6173181afceb89e7c659 -> 
  custom:container-muxer-webm: aa71ff27fc2769a1b78a27578f13a17b -> 
  custom:container-demuxer-ogg: 62fdf1f143b41e24485cea50d1cbac27 -> 
  custom:audio-decoder-ogg-vorbis: bf7c407c2cedff20999df2af8eb42d56 -> 
  custom:AudioImporter_EditorPlatform: d09bf68614088b80899f8185d706f6e7 -> 
  custom:video-decoder-ogg-theora: a1e56fd34408186e4bbccfd4996cb3dc -> 
  custom:CustomObjectIndexerAttribute: 43b350a4d6e6d1791af0b5038c4bea17 -> 
  custom:framework-win-MediaFoundation: 216162199b28c13a410421893ffa2e32 -> 
========================================================================
Received Import Request.
  Time since last request: 27713.699874 seconds.
  path: Assets/Weapons
  artifactKey: Guid(dd9e3c31c4aa5a84eb3352aab553aa87) Importer(815301076,1909f56bfc062723c751e8b465ee728b)
Start importing Assets/Weapons using Guid(dd9e3c31c4aa5a84eb3352aab553aa87) Importer(815301076,1909f56bfc062723c751e8b465ee728b)  -> (artifact id: '9541a345aa4b16abedb3d9d9e4827c5d') in 0.047918 seconds
Number of updated asset objects reloaded before import = 0
Number of asset objects unloaded after import = 0
========================================================================
Received Import Request.
  Time since last request: 7.737753 seconds.
  path: Assets/Weapons/ammo_machinegun.obj
  artifactKey: Guid(f6f9cbe8c064c444eb97e80e2d2135e3) Importer(815301076,1909f56bfc062723c751e8b465ee728b)
Start importing Assets/Weapons/ammo_machinegun.obj using Guid(f6f9cbe8c064c444eb97e80e2d2135e3) Importer(815301076,1909f56bfc062723c751e8b465ee728b)  -> (artifact id: '3f7c3a605730a8bfc7fa5f1878b1098e') in 0.382470 seconds
Number of updated asset objects reloaded before import = 0
Number of asset objects unloaded after import = 16
========================================================================
Received Import Request.
  Time since last request: 4.148321 seconds.
  path: Assets/Kenney Character Assets/Skins/astroFemaleA.png
  artifactKey: Guid(fb91d0ffa0cf5ea4c8694813df904481) Importer(815301076,1909f56bfc062723c751e8b465ee728b)
Start importing Assets/Kenney Character Assets/Skins/astroFemaleA.png using Guid(fb91d0ffa0cf5ea4c8694813df904481) Importer(815301076,1909f56bfc062723c751e8b465ee728b)  -> (artifact id: 'ac629eb74c131b30cbc60ab7313cedf8') in 0.090942 seconds
Number of updated asset objects reloaded before import = 0
Number of asset objects unloaded after import = 2
========================================================================
Received Import Request.
  Time since last request: 22.542266 seconds.
  path: Assets/Kenney Character Assets
  artifactKey: Guid(62f25396eb2c42c45ace5c5b61f417ea) Importer(815301076,1909f56bfc062723c751e8b465ee728b)
Start importing Assets/Kenney Character Assets using Guid(62f25396eb2c42c45ace5c5b61f417ea) Importer(815301076,1909f56bfc062723c751e8b465ee728b)  -> (artifact id: 'b969adc89fc2a033833eeda7102a3b9e') in 0.000690 seconds
Number of updated asset objects reloaded before import = 0
Number of asset objects unloaded after import = 0
========================================================================
Received Import Request.
  Time since last request: 0.891696 seconds.
  path: Assets/Kenney Character Assets/Models
  artifactKey: Guid(1653f3c53e68a214b883a9039153e623) Importer(815301076,1909f56bfc062723c751e8b465ee728b)
Start importing Assets/Kenney Character Assets/Models using Guid(1653f3c53e68a214b883a9039153e623) Importer(815301076,1909f56bfc062723c751e8b465ee728b)  -> (artifact id: 'd824b5f18d3b06cd52d7cb0033266caf') in 0.000483 seconds
Number of updated asset objects reloaded before import = 0
Number of asset objects unloaded after import = 0
========================================================================
Received Import Request.
  Time since last request: 1.926865 seconds.
  path: Assets/Kenney Character Assets/Models/Materials
  artifactKey: Guid(77c48f64396412a43808e8ca5d9a67e2) Importer(815301076,1909f56bfc062723c751e8b465ee728b)
Start importing Assets/Kenney Character Assets/Models/Materials using Guid(77c48f64396412a43808e8ca5d9a67e2) Importer(815301076,1909f56bfc062723c751e8b465ee728b)  -> (artifact id: '387724bed108fec103d7898516f5f7e6') in 0.000569 seconds
Number of updated asset objects reloaded before import = 0
Number of asset objects unloaded after import = 0
========================================================================
Received Import Request.
  Time since last request: 2.722995 seconds.
  path: Assets/Kenney Character Assets/Models/characterSmall.fbx
  artifactKey: Guid(cabf1857eec6dd243b25ec67651631ca) Importer(815301076,1909f56bfc062723c751e8b465ee728b)
Start importing Assets/Kenney Character Assets/Models/characterSmall.fbx using Guid(cabf1857eec6dd243b25ec67651631ca) Importer(815301076,1909f56bfc062723c751e8b465ee728b)  -> (artifact id: 'c19f36ebcd371cd470c39b52406a3b3e') in 0.035686 seconds
Number of updated asset objects reloaded before import = 0
Number of asset objects unloaded after import = 130
========================================================================
Received Import Request.
  Time since last request: 88.571104 seconds.
  path: Assets/space-kit-1.0/Models/buildingOpen.obj
  artifactKey: Guid(a383a4ecf1867834baa1dcce700ee62b) Importer(815301076,1909f56bfc062723c751e8b465ee728b)
Start importing Assets/space-kit-1.0/Models/buildingOpen.obj using Guid(a383a4ecf1867834baa1dcce700ee62b) Importer(815301076,1909f56bfc062723c751e8b465ee728b)  -> (artifact id: '6adbcfa8ed877fe7ab6f7ca84a191e5c') in 0.296286 seconds
Number of updated asset objects reloaded before import = 0
Number of asset objects unloaded after import = 13
========================================================================
Received Import Request.
  Time since last request: 0.000020 seconds.
  path: Assets/space-kit-1.0/Models/consoleScreen.fbx
  artifactKey: Guid(05f8cf36c60180549be84149d6701f5e) Importer(815301076,1909f56bfc062723c751e8b465ee728b)
Start importing Assets/space-kit-1.0/Models/consoleScreen.fbx using Guid(05f8cf36c60180549be84149d6701f5e) Importer(815301076,1909f56bfc062723c751e8b465ee728b)  -> (artifact id: '789571de514729082b8ef928f3a1ba63') in 0.194028 seconds
Number of updated asset objects reloaded before import = 0
Number of asset objects unloaded after import = 10
========================================================================
Received Import Request.
  Time since last request: 0.000022 seconds.
  path: Assets/space-kit-1.0/Models/console.fbx
  artifactKey: Guid(dd95b61adffcd674fa2f9632f04e4250) Importer(815301076,1909f56bfc062723c751e8b465ee728b)
Start importing Assets/space-kit-1.0/Models/console.fbx using Guid(dd95b61adffcd674fa2f9632f04e4250) Importer(815301076,1909f56bfc062723c751e8b465ee728b)  -> (artifact id: '02af1f48ffebfe7c616cfdeefcdd0bea') in 0.019193 seconds
Number of updated asset objects reloaded before import = 0
Number of asset objects unloaded after import = 9
Editor requested this worker to shutdown with reason: Scaling down because of idle timeout
TcpMessagingSession - receive error: operation aborted. errorcode: 995, details: Bir iþ parçacýðý çýkýþý veya bir uygulama isteði nedeniyle G/Ç iþlemi iptal edildi.
AssetImportWorker is now disconnected from the server
Process exiting
Exiting without the bug reporter. Application will terminate with return code 0